<?xml version="1.0" encoding="UTF-8"?>
<testng-results skipped="0" failed="0" total="1" passed="1">
  <reporter-output>
  </reporter-output>
  <suite name="Default suite" duration-ms="13794" started-at="2018-12-11T15:33:27Z" finished-at="2018-12-11T15:33:41Z">
    <groups>
    </groups>
    <test name="Default test" duration-ms="13794" started-at="2018-12-11T15:33:27Z" finished-at="2018-12-11T15:33:41Z">
      <class name="stepDefinitions.Test1">
        <test-method status="PASS" signature="test()[pri:0, instance:stepDefinitions.Test1@2133c8f8]" name="test" duration-ms="13783" started-at="2018-12-11T22:33:27Z" finished-at="2018-12-11T22:33:41Z">
          <reporter-output>
          </reporter-output>
        </test-method> <!-- test -->
      </class> <!-- stepDefinitions.Test1 -->
    </test> <!-- Default test -->
  </suite> <!-- Default suite -->
</testng-results>
